SF:lib/app.dart
DA:6,2
DA:8,2
DA:10,2
DA:12,2
DA:30,2
DA:31,1
DA:32,0
DA:33,0
DA:34,0
DA:38,3
DA:39,3
DA:40,3
DA:43,6
DA:44,2
DA:45,2
DA:46,2
DA:47,2
DA:48,4
DA:49,2
DA:50,2
DA:53,2
DA:54,2
DA:55,2
DA:56,1
DA:57,1
DA:60,2
DA:61,2
DA:62,2
DA:63,1
DA:64,1
LF:30
LH:27
end_of_record
SF:lib/pages.dart
DA:5,2
DA:7,2
DA:9,2
DA:10,2
DA:13,2
DA:14,2
DA:16,2
DA:17,2
DA:19,2
DA:30,2
DA:32,1
DA:34,1
DA:35,1
DA:37,1
DA:38,1
DA:40,2
DA:44,1
DA:45,1
DA:47,1
DA:48,1
DA:49,2
DA:60,2
DA:62,1
DA:64,1
DA:65,1
LF:25
LH:25
end_of_record
